[INFO] Scanning for projects...
[INFO] 
[INFO] --------------< io.github.bonigarcia:junit5-basic-tests >---------------
[INFO] Building junit5-basic-tests 1.0.0
[INFO]   from pom.xml
[INFO] --------------------------------[ jar ]---------------------------------
[INFO] 
[INFO] --- resources:3.3.1:resources (default-resources) @ junit5-basic-tests ---
[INFO] Copying 0 resource from src/main/resources to target/classes
[INFO] 
[INFO] --- compiler:3.13.0:compile (default-compile) @ junit5-basic-tests ---
[INFO] Nothing to compile - all classes are up to date.
[INFO] 
[INFO] --- resources:3.3.1:testResources (default-testResources) @ junit5-basic-tests ---
[INFO] skip non existing resourceDirectory /Users/goncalosimoes/Desktop/EI3A1S/TQS/labs/lab1/lab1_3/src/test/resources
[INFO] 
[INFO] --- compiler:3.13.0:testCompile (default-testCompile) @ junit5-basic-tests ---
[INFO] Nothing to compile - all classes are up to date.
[INFO] 
[INFO] --- surefire:3.5.3:test (default-test) @ junit5-basic-tests ---
[INFO] Using auto detected provider org.apache.maven.surefire.junitplatform.JUnitPlatformProvider
[INFO] 
[INFO] -------------------------------------------------------
[INFO]  T E S T S
[INFO] -------------------------------------------------------
[INFO] Running org.example.MealsBookingServiceTest
[INFO] Running org.example.MealsBookingServiceTest$LookupTests
[INFO] Tests run: 2, Failures: 0, Errors: 0, Skipped: 0, Time elapsed: 0.046 s -- in org.example.MealsBookingServiceTest$LookupTests
[INFO] Running org.example.MealsBookingServiceTest$CancellationTests
[INFO] Tests run: 2, Failures: 0, Errors: 0, Skipped: 0, Time elapsed: 0.007 s -- in org.example.MealsBookingServiceTest$CancellationTests
[INFO] Running org.example.MealsBookingServiceTest$CheckInTests
[INFO] Tests run: 2, Failures: 0, Errors: 0, Skipped: 0, Time elapsed: 0.003 s -- in org.example.MealsBookingServiceTest$CheckInTests
[INFO] Running org.example.MealsBookingServiceTest$BookingTests
[INFO] Tests run: 3, Failures: 0, Errors: 0, Skipped: 0, Time elapsed: 0.010 s -- in org.example.MealsBookingServiceTest$BookingTests
[INFO] Tests run: 0, Failures: 0, Errors: 0, Skipped: 0, Time elapsed: 0.075 s -- in org.example.MealsBookingServiceTest
[INFO] 
[INFO] Results:
[INFO] 
[INFO] Tests run: 9, Failures: 0, Errors: 0, Skipped: 0
[INFO] 
[INFO] ------------------------------------------------------------------------
[INFO] BUILD SUCCESS
[INFO] ------------------------------------------------------------------------
[INFO] Total time:  0.719 s
[INFO] Finished at: 2025-09-29T13:38:04+01:00
[INFO] ------------------------------------------------------------------------
